<?xml version="1.0" encoding="UTF-8"?>
<!-- Generated by org.testng.reporters.JUnitXMLReporter -->
<testsuite hostname="MosesHannah" failures="0" tests="3" name="HighToLow" time="29.649" errors="0" timestamp="3 Jul 2024 18:19:39 GMT">
  <testcase classname="testcases.TestHighToLowSort" name="testHighToLow" time="0.197"/>
  <testcase classname="testcases.TestLowToHighSort" name="testToCart" time="0.182"/>
  <testcase classname="testcases.TestAddOnesieToCart" name="addOnesieToCart" time="0.104"/>
</testsuite> <!-- HighToLow -->
