<?xml version="1.0" encoding="UTF-8"?>
<testng-results total="3" passed="3" failed="0" skipped="0">
  <reporter-output>
  </reporter-output>
  <suite started-at="2024-07-03T18:19:10Z" name="Suite" finished-at="2024-07-03T18:19:39Z" duration-ms="29649">
    <groups>
      <group name="sanity">
        <method signature="TestAddOnesieToCart.addOnesieToCart()[pri:0, instance:testcases.TestAddOnesieToCart@4d9ac0b4]" name="addOnesieToCart" class="testcases.TestAddOnesieToCart"/>
        <method signature="TestHighToLowSort.testHighToLow()[pri:0, instance:testcases.TestHighToLowSort@45fd9a4d]" name="testHighToLow" class="testcases.TestHighToLowSort"/>
        <method signature="TestLowToHighSort.testToCart()[pri:0, instance:testcases.TestLowToHighSort@62727399]" name="testToCart" class="testcases.TestLowToHighSort"/>
      </group> <!-- sanity -->
    </groups>
    <test started-at="2024-07-03T18:19:10Z" name="HighToLow" finished-at="2024-07-03T18:19:39Z" duration-ms="29649">
      <class name="testcases.TestHighToLowSort">
        <test-method is-config="true" signature="ConfigRead()[pri:0, instance:testcases.TestHighToLowSort@45fd9a4d]" started-at="2024-07-03T15:19:10Z" name="ConfigRead" finished-at="2024-07-03T15:19:10Z" duration-ms="8" status="PASS">
          <reporter-output>
          </reporter-output>
        </test-method> <!-- ConfigRead -->
        <test-method is-config="true" signature="login()[pri:0, instance:testcases.TestHighToLowSort@45fd9a4d]" started-at="2024-07-03T15:19:10Z" name="login" finished-at="2024-07-03T15:19:28Z" duration-ms="18400" status="PASS">
          <reporter-output>
          </reporter-output>
        </test-method> <!-- login -->
        <test-method signature="testHighToLow()[pri:0, instance:testcases.TestHighToLowSort@45fd9a4d]" started-at="2024-07-03T15:19:28Z" name="testHighToLow" finished-at="2024-07-03T15:19:28Z" duration-ms="197" status="PASS">
          <reporter-output>
          </reporter-output>
        </test-method> <!-- testHighToLow -->
        <test-method is-config="true" signature="close()[pri:0, instance:testcases.TestHighToLowSort@45fd9a4d]" started-at="2024-07-03T15:19:28Z" name="close" finished-at="2024-07-03T15:19:28Z" duration-ms="145" status="PASS">
          <reporter-output>
          </reporter-output>
        </test-method> <!-- close -->
        <test-method is-config="true" signature="quit()[pri:0, instance:testcases.TestHighToLowSort@45fd9a4d]" started-at="2024-07-03T15:19:39Z" name="quit" finished-at="2024-07-03T15:19:40Z" duration-ms="174" status="PASS">
          <reporter-output>
          </reporter-output>
        </test-method> <!-- quit -->
      </class> <!-- testcases.TestHighToLowSort -->
      <class name="testcases.TestAddOnesieToCart">
        <test-method is-config="true" signature="login()[pri:0, instance:testcases.TestAddOnesieToCart@4d9ac0b4]" started-at="2024-07-03T15:19:36Z" name="login" finished-at="2024-07-03T15:19:39Z" duration-ms="3166" status="PASS">
          <reporter-output>
          </reporter-output>
        </test-method> <!-- login -->
        <test-method signature="addOnesieToCart()[pri:0, instance:testcases.TestAddOnesieToCart@4d9ac0b4]" started-at="2024-07-03T15:19:39Z" name="addOnesieToCart" finished-at="2024-07-03T15:19:39Z" duration-ms="104" status="PASS">
          <reporter-output>
          </reporter-output>
        </test-method> <!-- addOnesieToCart -->
        <test-method is-config="true" signature="close()[pri:0, instance:testcases.TestAddOnesieToCart@4d9ac0b4]" started-at="2024-07-03T15:19:39Z" name="close" finished-at="2024-07-03T15:19:39Z" duration-ms="204" status="PASS">
          <reporter-output>
          </reporter-output>
        </test-method> <!-- close -->
      </class> <!-- testcases.TestAddOnesieToCart -->
      <class name="testcases.TestLowToHighSort">
        <test-method is-config="true" signature="login()[pri:0, instance:testcases.TestLowToHighSort@62727399]" started-at="2024-07-03T15:19:28Z" name="login" finished-at="2024-07-03T15:19:35Z" duration-ms="7062" status="PASS">
          <reporter-output>
          </reporter-output>
        </test-method> <!-- login -->
        <test-method signature="testToCart()[pri:0, instance:testcases.TestLowToHighSort@62727399]" started-at="2024-07-03T15:19:35Z" name="testToCart" finished-at="2024-07-03T15:19:36Z" duration-ms="182" status="PASS">
          <reporter-output>
          </reporter-output>
        </test-method> <!-- testToCart -->
        <test-method is-config="true" signature="close()[pri:0, instance:testcases.TestLowToHighSort@62727399]" started-at="2024-07-03T15:19:36Z" name="close" finished-at="2024-07-03T15:19:36Z" duration-ms="172" status="PASS">
          <reporter-output>
          </reporter-output>
        </test-method> <!-- close -->
      </class> <!-- testcases.TestLowToHighSort -->
    </test> <!-- HighToLow -->
  </suite> <!-- Suite -->
</testng-results>
